This is pdfTeX, Version 3.14159265-2.6-1.40.21 (TeX Live 2020/Debian) (preloaded format=pdflatex 2022.4.4)  6 APR 2022 00:42
entering extended mode
 restricted \write18 enabled.
 %&-line parsing enabled.
**DandFSolutions.tex
(./DandFSolutions.tex
LaTeX2e <2020-10-01> patch level 4
L3 programming layer <2021-01-09> xparse <2020-03-03>
! Undefined control sequence.
l.1 \chapter
            *{Solutions to D\&F's \emph{Abstract Algebra}}
The control sequence at the end of the top line
of your error message was never \def'ed. If you have
misspelled it (e.g., `\hobx'), type `I' and the correct
spelling (e.g., `I\hbox'). Otherwise just continue,
and I'll forget about whatever was undefined.


! LaTeX Error: Missing \begin{document}.

See the LaTeX manual or LaTeX Companion for explanation.
Type  H <return>  for immediate help.
 ...                                              
                                                  
l.1 \chapter*
             {Solutions to D\&F's \emph{Abstract Algebra}}
You're in trouble here.  Try typing  <return>  to proceed.
If that doesn't work, type  X <return>  to quit.

Missing character: There is no * in font nullfont!
Missing character: There is no S in font nullfont!
Missing character: There is no o in font nullfont!
Missing character: There is no l in font nullfont!
Missing character: There is no u in font nullfont!
Missing character: There is no t in font nullfont!
Missing character: There is no i in font nullfont!
Missing character: There is no o in font nullfont!
Missing character: There is no n in font nullfont!
Missing character: There is no s in font nullfont!
Missing character: There is no t in font nullfont!
Missing character: There is no o in font nullfont!
Missing character: There is no D in font nullfont!
Missing character: There is no & in font nullfont!
Missing character: There is no F in font nullfont!
Missing character: There is no ' in font nullfont!
Missing character: There is no s in font nullfont!

Overfull \hbox (20.0pt too wide) in paragraph at lines 1--2
[]
 []


Overfull \hbox (15.35542pt too wide) in paragraph at lines 1--2
\OT1/cmr/m/it/10 Ab-
 []


Overfull \hbox (24.1498pt too wide) in paragraph at lines 1--2
\OT1/cmr/m/it/10 stract
 []


Overfull \hbox (13.311pt too wide) in paragraph at lines 1--2
\OT1/cmr/m/it/10 Al-
 []


Overfull \hbox (12.77766pt too wide) in paragraph at lines 1--2
\OT1/cmr/m/it/10 ge-
 []


Overfull \hbox (14.18369pt too wide) in paragraph at lines 1--2
\OT1/cmr/m/it/10 bra 
 []

! Undefined control sequence.
l.3 \section
            *{Chapter 1}
The control sequence at the end of the top line
of your error message was never \def'ed. If you have
misspelled it (e.g., `\hobx'), type `I' and the correct
spelling (e.g., `I\hbox'). Otherwise just continue,
and I'll forget about whatever was undefined.


! LaTeX Error: Missing \begin{document}.

See the LaTeX manual or LaTeX Companion for explanation.
Type  H <return>  for immediate help.
 ...                                              
                                                  
l.3 \section*
             {Chapter 1}
You're in trouble here.  Try typing  <return>  to proceed.
If that doesn't work, type  X <return>  to quit.

Missing character: There is no * in font nullfont!
Missing character: There is no C in font nullfont!
Missing character: There is no h in font nullfont!
Missing character: There is no a in font nullfont!
Missing character: There is no p in font nullfont!
Missing character: There is no t in font nullfont!
Missing character: There is no e in font nullfont!
Missing character: There is no r in font nullfont!
Missing character: There is no 1 in font nullfont!

Overfull \hbox (20.0pt too wide) in paragraph at lines 3--4
[]
 []

)
! Emergency stop.
<*> DandFSolutions.tex
                      
*** (job aborted, no legal \end found)

 
Here is how much of TeX's memory you used:
 19 strings out of 481252
 442 string characters out of 5915889
 266126 words of memory out of 5000000
 17058 multiletter control sequences out of 15000+600000
 403776 words of font info for 28 fonts, out of 8000000 for 9000
 14 hyphenation exceptions out of 8191
 14i,1n,15p,104b,57s stack positions out of 5000i,500n,10000p,200000b,80000s
!  ==> Fatal error occurred, no output PDF file produced!
